--- Start LOG
--- 20230322-1143 :: Begin uninstall. (NS: default, TAG: diplom-project) ---
--- Deleting Secret for imagePullSecrets
secret "github-cred" deleted
--- Uninstalling: ./k8s-manifests/blackboxexporter/blackbox-exporter.yaml
service "prometheus-blackbox-exporter" deleted
deployment.apps "prometheus-blackbox-exporter" deleted
--- Uninstalling: ./k8s-manifests/blackboxexporter/configmap.yaml
configmap "prometheus-blackbox-exporter" deleted
--- Uninstalling: ./k8s-manifests/calculator/deployment.yaml
deployment.apps "calculator" deleted
--- Uninstalling: ./k8s-manifests/calculator/ingress.yaml
ingress.networking.k8s.io "calculator" deleted
--- Uninstalling: ./k8s-manifests/calculator/service.yaml
service "calculator" deleted
--- Uninstalling: ./k8s-manifests/comment/configMap.yaml
configmap "comment" deleted
--- Uninstalling: ./k8s-manifests/comment/deployment.yaml
deployment.apps "comment" deleted
--- Uninstalling: ./k8s-manifests/comment/service.yaml
service "comment" deleted
--- Uninstalling: ./k8s-manifests/ingress/ingress.yaml
ingress.networking.k8s.io "reddit" deleted
--- Uninstalling: ./k8s-manifests/post/configMap.yaml
configmap "post" deleted
--- Uninstalling: ./k8s-manifests/post/deployment.yaml
deployment.apps "post" deleted
--- Uninstalling: ./k8s-manifests/post/service.yaml
service "post" deleted
--- Uninstalling: ./k8s-manifests/post-db/deployment.yaml
deployment.apps "post-db" deleted
--- Uninstalling: ./k8s-manifests/post-db/service.yaml
service "post-db" deleted
--- Uninstalling: ./k8s-manifests/ui/configMap.yaml
configmap "ui" deleted
--- Uninstalling: ./k8s-manifests/ui/deployment.yaml
deployment.apps "ui" deleted
--- Uninstalling: ./k8s-manifests/ui/service.yaml
service "ui" deleted
